<?xml version="1.0" encoding="utf-8"?><testsuites name="pytest tests"><testsuite name="pytest" errors="0" failures="0" skipped="0" tests="17" time="26.849" timestamp="2025-09-30T23:15:56.280919+09:00" hostname="wonicom"><testcase classname="tests.evidence.test_evidence_api" name="test_list_packs_no_token" time="0.075" /><testcase classname="tests.evidence.test_evidence_api" name="test_list_packs_user_token" time="0.004" /><testcase classname="tests.evidence.test_evidence_api" name="test_list_packs_admin_access" time="0.784" /><testcase classname="tests.evidence.test_evidence_api" name="test_list_packs_success" time="2.805" /><testcase classname="tests.evidence.test_evidence_api" name="test_list_packs_search" time="2.553" /><testcase classname="tests.evidence.test_evidence_api" name="test_list_packs_pagination" time="0.160" /><testcase classname="tests.evidence.test_evidence_api" name="test_list_packs_ordering" time="0.354" /><testcase classname="tests.evidence.test_evidence_api" name="test_get_pack_details_success" time="2.470" /><testcase classname="tests.evidence.test_evidence_api" name="test_get_pack_details_not_found" time="0.055" /><testcase classname="tests.evidence.test_evidence_api" name="test_create_download_url_success" time="2.345" /><testcase classname="tests.evidence.test_evidence_api" name="test_create_download_url_custom_expiry" time="2.594" /><testcase classname="tests.evidence.test_evidence_api" name="test_create_download_url_file_not_found" time="2.472" /><testcase classname="tests.evidence.test_evidence_api" name="test_verify_pack_success" time="2.657" /><testcase classname="tests.evidence.test_evidence_api" name="test_verify_pack_with_tampered_file" time="3.376" /><testcase classname="tests.evidence.test_evidence_api" name="test_verify_pack_missing_sha256sums" time="0.640" /><testcase classname="tests.evidence.test_evidence_api" name="test_verify_pack_not_found" time="0.314" /><testcase classname="tests.evidence.test_evidence_api" name="test_verify_pack_performance" time="2.587" /></testsuite></testsuites>